<?xml version="1.0" encoding="utf-8"?><testsuites name="pytest tests"><testsuite name="pytest" errors="0" failures="0" skipped="0" tests="27" time="4.402" timestamp="2026-03-04T19:03:59.736537+00:00" hostname="agent-env-6c24e6f3-4fb2-4d0e-b5a9-37e3d906333c"><testcase classname="backend.tests.test_pwa.TestPWAManifest" name="test_manifest_accessible" time="0.390" /><testcase classname="backend.tests.test_pwa.TestPWAManifest" name="test_manifest_name" time="0.141" /><testcase classname="backend.tests.test_pwa.TestPWAManifest" name="test_manifest_display_standalone" time="0.369" /><testcase classname="backend.tests.test_pwa.TestPWAManifest" name="test_manifest_has_8_icons" time="0.152" /><testcase classname="backend.tests.test_pwa.TestPWAManifest" name="test_manifest_icon_sizes" time="0.157" /><testcase classname="backend.tests.test_pwa.TestServiceWorker" name="test_service_worker_accessible" time="0.137" /><testcase classname="backend.tests.test_pwa.TestServiceWorker" name="test_service_worker_is_javascript" time="0.108" /><testcase classname="backend.tests.test_pwa.TestServiceWorker" name="test_service_worker_has_install_handler" time="0.118" /><testcase classname="backend.tests.test_pwa.TestServiceWorker" name="test_service_worker_has_fetch_handler" time="0.109" /><testcase classname="backend.tests.test_pwa.TestPWAIcons" name="test_icon_192x192" time="0.134" /><testcase classname="backend.tests.test_pwa.TestPWAIcons" name="test_icon_512x512" time="0.165" /><testcase classname="backend.tests.test_pwa.TestPWAIcons" name="test_icon_72x72" time="0.148" /><testcase classname="backend.tests.test_pwa.TestPWAIcons" name="test_icon_96x96" time="0.165" /><testcase classname="backend.tests.test_pwa.TestPWAIcons" name="test_icon_128x128" time="0.142" /><testcase classname="backend.tests.test_pwa.TestPWAIcons" name="test_icon_144x144" time="0.135" /><testcase classname="backend.tests.test_pwa.TestPWAIcons" name="test_icon_152x152" time="0.180" /><testcase classname="backend.tests.test_pwa.TestPWAIcons" name="test_icon_384x384" time="0.132" /><testcase classname="backend.tests.test_pwa.TestPWAIcons" name="test_apple_touch_icon" time="0.112" /><testcase classname="backend.tests.test_pwa.TestFavicon" name="test_favicon_accessible" time="0.116" /><testcase classname="backend.tests.test_pwa.TestIndexHTML" name="test_index_accessible" time="0.144" /><testcase classname="backend.tests.test_pwa.TestIndexHTML" name="test_has_manifest_link" time="0.128" /><testcase classname="backend.tests.test_pwa.TestIndexHTML" name="test_has_theme_color_meta" time="0.109" /><testcase classname="backend.tests.test_pwa.TestIndexHTML" name="test_has_apple_mobile_web_app_capable" time="0.111" /><testcase classname="backend.tests.test_pwa.TestIndexHTML" name="test_has_apple_touch_icon_link" time="0.108" /><testcase classname="backend.tests.test_pwa.TestCoreAPI" name="test_auth_login" time="0.134" /><testcase classname="backend.tests.test_pwa.TestCoreAPI" name="test_products_api" time="0.241" /><testcase classname="backend.tests.test_pwa.TestCoreAPI" name="test_dashboard_api" time="0.240" /></testsuite></testsuites>