<?xml version="1.0" encoding="utf-8"?><testsuites name="pytest tests"><testsuite name="pytest" errors="0" failures="0" skipped="0" tests="11" time="3.014" timestamp="2026-03-04T18:52:07.804247+00:00" hostname="agent-env-6c24e6f3-4fb2-4d0e-b5a9-37e3d906333c"><testcase classname="backend.tests.test_categories_import.TestCategoriesAPI" name="test_get_categories_list" time="0.472" /><testcase classname="backend.tests.test_categories_import.TestCategoriesAPI" name="test_create_category_success" time="0.222" /><testcase classname="backend.tests.test_categories_import.TestCategoriesAPI" name="test_create_duplicate_category_fails" time="0.256" /><testcase classname="backend.tests.test_categories_import.TestCategoriesAPI" name="test_create_category_empty_name_fails" time="0.162" /><testcase classname="backend.tests.test_categories_import.TestCategoriesAPI" name="test_delete_category" time="0.273" /><testcase classname="backend.tests.test_categories_import.TestCategoriesAPI" name="test_delete_nonexistent_category_fails" time="0.104" /><testcase classname="backend.tests.test_categories_import.TestExcelImportAPI" name="test_download_import_template" time="0.169" /><testcase classname="backend.tests.test_categories_import.TestExcelImportAPI" name="test_import_valid_excel_file" time="0.367" /><testcase classname="backend.tests.test_categories_import.TestExcelImportAPI" name="test_import_invalid_file_format_fails" time="0.111" /><testcase classname="backend.tests.test_categories_import.TestExcelImportAPI" name="test_import_excel_with_duplicate_codes_skips" time="0.304" /><testcase classname="backend.tests.test_categories_import.TestProductCategoryDropdown" name="test_new_product_can_use_categories_from_list" time="0.272" /></testsuite></testsuites>